{"D:\\React\\incture-react-training\\Day22\\src\\App.jsx": {"path":"D:\\React\\incture-react-training\\Day22\\src\\App.jsx","statementMap":{"0":{"start":{"line":4,"column":2},"end":{"line":8,"column":3}}},"fnMap":{"0":{"name":"App","decl":{"start":{"line":3,"column":9},"end":{"line":3,"column":12}},"loc":{"start":{"line":3,"column":15},"end":{"line":9,"column":1}},"line":3}},"branchMap":{},"s":{"0":1},"f":{"0":1},"b":{},"_coverageSchema":"1a1c01bbd47fc00a2c39e90264f33305004495a9","hash":"32eabcc4a73664953e3ec076faa5aca95dbe2fea"}
,"D:\\React\\incture-react-training\\Day22\\src\\main.jsx": {"path":"D:\\React\\incture-react-training\\Day22\\src\\main.jsx","statementMap":{"0":{"start":{"line":6,"column":0},"end":{"line":10,"column":1}}},"fnMap":{},"branchMap":{},"s":{"0":0},"f":{},"b":{}}
}
